The system is: Windows - 10.0.18362 - AMD64
Compiling the C compiler identification source file "CMakeCCompilerId.c" succeeded.
Compiler: C:/Program Files/Microsoft Visual Studio/2019/Community/VC/Tools/MSVC/14.24.28314/bin/HostX64/x64/cl.exe 
Build flags: 
Id flags:  

The output was:
0
Оптимизирующий компилятор Microsoft (R) C/C++ версии 19.24.28316 для x64
(C) Корпорация Майкрософт (Microsoft Corporation).  Все права защищены.

CMakeCCompilerId.c
Microsoft (R) Incremental Linker Version 14.24.28316.0
Copyright (C) Microsoft Corporation.  All rights reserved.

/out:CMakeCCompilerId.exe 
CMakeCCompilerId.obj 


Compilation of the C compiler identification source "CMakeCCompilerId.c" produced "CMakeCCompilerId.exe"

Compilation of the C compiler identification source "CMakeCCompilerId.c" produced "CMakeCCompilerId.obj"

The C compiler identification is MSVC, found in "C:/Users/Xellon/Desktop/Учёба/6 семестр/Операционные системы/Задания/Лабораторная работа №3/os-task3-BogachevED/out/build/x64-Debug/CMakeFiles/3.15.19101501-MSVC_2/CompilerIdC/CMakeCCompilerId.exe"

Compiling the CXX compiler identification source file "CMakeCXXCompilerId.cpp" succeeded.
Compiler: C:/Program Files/Microsoft Visual Studio/2019/Community/VC/Tools/MSVC/14.24.28314/bin/HostX64/x64/cl.exe 
Build flags: 
Id flags:  

The output was:
0
Оптимизирующий компилятор Microsoft (R) C/C++ версии 19.24.28316 для x64
(C) Корпорация Майкрософт (Microsoft Corporation).  Все права защищены.

CMakeCXXCompilerId.cpp
Microsoft (R) Incremental Linker Version 14.24.28316.0
Copyright (C) Microsoft Corporation.  All rights reserved.

/out:CMakeCXXCompilerId.exe 
CMakeCXXCompilerId.obj 


Compilation of the CXX compiler identification source "CMakeCXXCompilerId.cpp" produced "CMakeCXXCompilerId.exe"

Compilation of the CXX compiler identification source "CMakeCXXCompilerId.cpp" produced "CMakeCXXCompilerId.obj"

The CXX compiler identification is MSVC, found in "C:/Users/Xellon/Desktop/Учёба/6 семестр/Операционные системы/Задания/Лабораторная работа №3/os-task3-BogachevED/out/build/x64-Debug/CMakeFiles/3.15.19101501-MSVC_2/CompilerIdCXX/CMakeCXXCompilerId.exe"

Determining if the C compiler works passed with the following output:
Change Dir: C:/Users/Xellon/Desktop/Учёба/6 семестр/Операционные системы/Задания/Лабораторная работа №3/os-task3-BogachevED/out/build/x64-Debug/CMakeFiles/CMakeTmp

Run Build Command(s):C:/Program Files/Microsoft Visual Studio/2019/Community/Common7/IDE/CommonExtensions/Microsoft/CMake/Ninja/ninja.exe cmTC_3a27a && [1/2] Building C object CMakeFiles\cmTC_3a27a.dir\testCCompiler.c.obj
[2/2] Linking C executable cmTC_3a27a.exe



Detecting C compiler ABI info compiled with the following output:
Change Dir: C:/Users/Xellon/Desktop/Учёба/6 семестр/Операционные системы/Задания/Лабораторная работа №3/os-task3-BogachevED/out/build/x64-Debug/CMakeFiles/CMakeTmp

Run Build Command(s):C:/Program Files/Microsoft Visual Studio/2019/Community/Common7/IDE/CommonExtensions/Microsoft/CMake/Ninja/ninja.exe cmTC_5cb16 && [1/2] Building C object CMakeFiles\cmTC_5cb16.dir\CMakeCCompilerABI.c.obj
Примечание: включение файла:  C:\Program Files\Microsoft Visual Studio\2019\Community\Common7\IDE\CommonExtensions\Microsoft\CMake\CMake\share\cmake-3.15\Modules\CMakeCompilerABI.h
[2/2] Linking C executable cmTC_5cb16.exe



Determining if the CXX compiler works passed with the following output:
Change Dir: C:/Users/Xellon/Desktop/Учёба/6 семестр/Операционные системы/Задания/Лабораторная работа №3/os-task3-BogachevED/out/build/x64-Debug/CMakeFiles/CMakeTmp

Run Build Command(s):C:/Program Files/Microsoft Visual Studio/2019/Community/Common7/IDE/CommonExtensions/Microsoft/CMake/Ninja/ninja.exe cmTC_b4023 && [1/2] Building CXX object CMakeFiles\cmTC_b4023.dir\testCXXCompiler.cxx.obj
[2/2] Linking CXX executable cmTC_b4023.exe



Detecting CXX compiler ABI info compiled with the following output:
Change Dir: C:/Users/Xellon/Desktop/Учёба/6 семестр/Операционные системы/Задания/Лабораторная работа №3/os-task3-BogachevED/out/build/x64-Debug/CMakeFiles/CMakeTmp

Run Build Command(s):C:/Program Files/Microsoft Visual Studio/2019/Community/Common7/IDE/CommonExtensions/Microsoft/CMake/Ninja/ninja.exe cmTC_32780 && [1/2] Building CXX object CMakeFiles\cmTC_32780.dir\CMakeCXXCompilerABI.cpp.obj
Примечание: включение файла:  C:\Program Files\Microsoft Visual Studio\2019\Community\Common7\IDE\CommonExtensions\Microsoft\CMake\CMake\share\cmake-3.15\Modules\CMakeCompilerABI.h
[2/2] Linking CXX executable cmTC_32780.exe



